#
# A fatal error has been detected by the Java Runtime Environment:
#
#  Internal Error (classFileParser.cpp:3375), pid=7193, tid=140183819831040
#  Error: ShouldNotReachHere()
#
# JRE version: 6.0_24-b07
# Java VM: Java HotSpot(TM) 64-Bit Server VM (19.1-b02 mixed mode linux-amd64 compressed oops)
# If you would like to submit a bug report, please visit:
#   http://java.sun.com/webapps/bugreport/crash.jsp
#

---------------  T H R E A D  ---------------

Current thread (0x0000000041143000):  JavaThread "Unknown thread" [_thread_in_vm, id=7198, stack(0x00007f7f16b8c000,0x00007f7f16c8d000)]

Stack: [0x00007f7f16b8c000,0x00007f7f16c8d000],  sp=0x00007f7f16c8b120,  free space=1020k
Native frames: (J=compiled Java code, j=interpreted, Vv=VM code, C=native code)
V  [libjvm.so+0x790f75]
V  [libjvm.so+0x3250b6]
V  [libjvm.so+0x2b12d5]
V  [libjvm.so+0x2b780f]
V  [libjvm.so+0x71f63f]
V  [libjvm.so+0x71d625]
V  [libjvm.so+0x71c3b1]
V  [libjvm.so+0x71bfc4]
V  [libjvm.so+0x720e20]
V  [libjvm.so+0x720eb5]
V  [libjvm.so+0x720f95]
V  [libjvm.so+0x720d58]
V  [libjvm.so+0x767808]
V  [libjvm.so+0x769719]
V  [libjvm.so+0x3eb7bc]
V  [libjvm.so+0x74fbef]
V  [libjvm.so+0x457cb0]


---------------  P R O C E S S  ---------------

Java Threads: ( => current thread )

Other Threads:

=>0x0000000041143000 (exited) JavaThread "Unknown thread" [_thread_in_vm, id=7198, stack(0x00007f7f16b8c000,0x00007f7f16c8d000)]

VM state:not at safepoint (not fully initialized)

VM Mutex/Monitor currently owned by a thread: None

Dynamic libraries:
40000000-40009000 r-xp 00000000 08:01 3935046                            /usr/lib/jvm/java-6-sun-1.6.0.24/jre/bin/java
40108000-4010a000 rwxp 00008000 08:01 3935046                            /usr/lib/jvm/java-6-sun-1.6.0.24/jre/bin/java
4113a000-411a8000 rwxp 00000000 00:00 0                                  [heap]
c0200000-c16c0000 rwxp 00000000 00:00 0 
c16c0000-c5400000 rwxp 00000000 00:00 0 
c5400000-c7b20000 rwxp 00000000 00:00 0 
c7b20000-ec6b0000 rwxp 00000000 00:00 0 
ec6b0000-eda40000 rwxp 00000000 00:00 0 
eda40000-100000000 rwxp 00000000 00:00 0 
7f7f124fe000-7f7f1255d000 r-xs 00492000 08:01 4457668                    /home/dnekfl77/Developer/Sdk/android-sdk-linux_x86/platforms/android-7/android.jar
7f7f1255d000-7f7f12585000 rwxp 00000000 00:00 0 
7f7f12585000-7f7f12586000 ---p 00000000 00:00 0 
7f7f12586000-7f7f12686000 rwxp 00000000 00:00 0 
7f7f12686000-7f7f12687000 ---p 00000000 00:00 0 
7f7f12687000-7f7f12787000 rwxp 00000000 00:00 0 
7f7f12787000-7f7f12788000 ---p 00000000 00:00 0 
7f7f12788000-7f7f12888000 rwxp 00000000 00:00 0 
7f7f12888000-7f7f12889000 ---p 00000000 00:00 0 
7f7f12889000-7f7f12994000 rwxp 00000000 00:00 0 
7f7f12994000-7f7f129b2000 rwxp 00000000 00:00 0 
7f7f129b2000-7f7f129c6000 rwxp 00000000 00:00 0 
7f7f129c6000-7f7f12aec000 rwxp 00000000 00:00 0 
7f7f12aec000-7f7f12af7000 rwxp 00000000 00:00 0 
7f7f12af7000-7f7f12b15000 rwxp 00000000 00:00 0 
7f7f12b15000-7f7f12b29000 rwxp 00000000 00:00 0 
7f7f12b29000-7f7f12c4e000 rwxp 00000000 00:00 0 
7f7f12c4e000-7f7f12c59000 rwxp 00000000 00:00 0 
7f7f12c59000-7f7f12ceb000 rwxp 00000000 00:00 0 
7f7f12ceb000-7f7f12f5c000 rwxp 00000000 00:00 0 
7f7f12f5c000-7f7f15cec000 rwxp 00000000 00:00 0 
7f7f15cec000-7f7f15cfa000 r-xp 00000000 08:01 3935179                    /usr/lib/jvm/java-6-sun-1.6.0.24/jre/lib/amd64/libzip.so
7f7f15cfa000-7f7f15dfc000 ---p 0000e000 08:01 3935179                    /usr/lib/jvm/java-6-sun-1.6.0.24/jre/lib/amd64/libzip.so
7f7f15dfc000-7f7f15dff000 rwxp 00010000 08:01 3935179                    /usr/lib/jvm/java-6-sun-1.6.0.24/jre/lib/amd64/libzip.so
7f7f15dff000-7f7f15e00000 rwxp 00000000 00:00 0 
7f7f15e00000-7f7f15e0c000 r-xp 00000000 08:01 14418171                   /lib/libnss_files-2.12.1.so
7f7f15e0c000-7f7f1600b000 ---p 0000c000 08:01 14418171                   /lib/libnss_files-2.12.1.so
7f7f1600b000-7f7f1600c000 r-xp 0000b000 08:01 14418171                   /lib/libnss_files-2.12.1.so
7f7f1600c000-7f7f1600d000 rwxp 0000c000 08:01 14418171                   /lib/libnss_files-2.12.1.so
7f7f1600d000-7f7f16017000 r-xp 00000000 08:01 14418166                   /lib/libnss_nis-2.12.1.so
7f7f16017000-7f7f16216000 ---p 0000a000 08:01 14418166                   /lib/libnss_nis-2.12.1.so
7f7f16216000-7f7f16217000 r-xp 00009000 08:01 14418166                   /lib/libnss_nis-2.12.1.so
7f7f16217000-7f7f16218000 rwxp 0000a000 08:01 14418166                   /lib/libnss_nis-2.12.1.so
7f7f16218000-7f7f16220000 r-xp 00000000 08:01 14418168                   /lib/libnss_compat-2.12.1.so
7f7f16220000-7f7f1641f000 ---p 00008000 08:01 14418168                   /lib/libnss_compat-2.12.1.so
7f7f1641f000-7f7f16420000 r-xp 00007000 08:01 14418168                   /lib/libnss_compat-2.12.1.so
7f7f16420000-7f7f16421000 rwxp 00008000 08:01 14418168                   /lib/libnss_compat-2.12.1.so
7f7f16421000-7f7f16428000 r-xp 00000000 08:01 3935191                    /usr/lib/jvm/java-6-sun-1.6.0.24/jre/lib/amd64/native_threads/libhpi.so
7f7f16428000-7f7f16529000 ---p 00007000 08:01 3935191                    /usr/lib/jvm/java-6-sun-1.6.0.24/jre/lib/amd64/native_threads/libhpi.so
7f7f16529000-7f7f1652b000 rwxp 00008000 08:01 3935191                    /usr/lib/jvm/java-6-sun-1.6.0.24/jre/lib/amd64/native_threads/libhpi.so
7f7f1652b000-7f7f1652c000 rwxp 00000000 00:00 0 
7f7f1652c000-7f7f16543000 r-xp 00000000 08:01 14418170                   /lib/libnsl-2.12.1.so
7f7f16543000-7f7f16742000 ---p 00017000 08:01 14418170                   /lib/libnsl-2.12.1.so
7f7f16742000-7f7f16743000 r-xp 00016000 08:01 14418170                   /lib/libnsl-2.12.1.so
7f7f16743000-7f7f16744000 rwxp 00017000 08:01 14418170                   /lib/libnsl-2.12.1.so
7f7f16744000-7f7f16746000 rwxp 00000000 00:00 0 
7f7f16746000-7f7f1676f000 r-xp 00000000 08:01 3935178                    /usr/lib/jvm/java-6-sun-1.6.0.24/jre/lib/amd64/libjava.so
7f7f1676f000-7f7f1686e000 ---p 00029000 08:01 3935178                    /usr/lib/jvm/java-6-sun-1.6.0.24/jre/lib/amd64/libjava.so
7f7f1686e000-7f7f16875000 rwxp 00028000 08:01 3935178                    /usr/lib/jvm/java-6-sun-1.6.0.24/jre/lib/amd64/libjava.so
7f7f16875000-7f7f16882000 r-xp 00000000 08:01 3935156                    /usr/lib/jvm/java-6-sun-1.6.0.24/jre/lib/amd64/libverify.so
7f7f16882000-7f7f16981000 ---p 0000d000 08:01 3935156                    /usr/lib/jvm/java-6-sun-1.6.0.24/jre/lib/amd64/libverify.so
7f7f16981000-7f7f16984000 rwxp 0000c000 08:01 3935156                    /usr/lib/jvm/java-6-sun-1.6.0.24/jre/lib/amd64/libverify.so
7f7f16984000-7f7f1698b000 r-xp 00000000 08:01 14417938                   /lib/librt-2.12.1.so
7f7f1698b000-7f7f16b8a000 ---p 00007000 08:01 14417938                   /lib/librt-2.12.1.so
7f7f16b8a000-7f7f16b8b000 r-xp 00006000 08:01 14417938                   /lib/librt-2.12.1.so
7f7f16b8b000-7f7f16b8c000 rwxp 00007000 08:01 14417938                   /lib/librt-2.12.1.so
7f7f16b8c000-7f7f16b8f000 ---p 00000000 00:00 0 
7f7f16b8f000-7f7f16c8d000 rwxp 00000000 00:00 0 
7f7f16c8d000-7f7f16d0f000 r-xp 00000000 08:01 14418164                   /lib/libm-2.12.1.so
7f7f16d0f000-7f7f16f0e000 ---p 00082000 08:01 14418164                   /lib/libm-2.12.1.so
7f7f16f0e000-7f7f16f0f000 r-xp 00081000 08:01 14418164                   /lib/libm-2.12.1.so
7f7f16f0f000-7f7f16f10000 rwxp 00082000 08:01 14418164                   /lib/libm-2.12.1.so
7f7f16f10000-7f7f1774e000 r-xp 00000000 08:01 3935182                    /usr/lib/jvm/java-6-sun-1.6.0.24/jre/lib/amd64/server/libjvm.so
7f7f1774e000-7f7f1784d000 ---p 0083e000 08:01 3935182                    /usr/lib/jvm/java-6-sun-1.6.0.24/jre/lib/amd64/server/libjvm.so
7f7f1784d000-7f7f179e1000 rwxp 0083d000 08:01 3935182                    /usr/lib/jvm/java-6-sun-1.6.0.24/jre/lib/amd64/server/libjvm.so
7f7f179e1000-7f7f17a1a000 rwxp 00000000 00:00 0 
7f7f17a1a000-7f7f17b94000 r-xp 00000000 08:01 14418157                   /lib/libc-2.12.1.so
7f7f17b94000-7f7f17d93000 ---p 0017a000 08:01 14418157                   /lib/libc-2.12.1.so
7f7f17d93000-7f7f17d97000 r-xp 00179000 08:01 14418157                   /lib/libc-2.12.1.so
7f7f17d97000-7f7f17d98000 rwxp 0017d000 08:01 14418157                   /lib/libc-2.12.1.so
7f7f17d98000-7f7f17d9d000 rwxp 00000000 00:00 0 
7f7f17d9d000-7f7f17d9f000 r-xp 00000000 08:01 14418173                   /lib/libdl-2.12.1.so
7f7f17d9f000-7f7f17f9f000 ---p 00002000 08:01 14418173                   /lib/libdl-2.12.1.so
7f7f17f9f000-7f7f17fa0000 r-xp 00002000 08:01 14418173                   /lib/libdl-2.12.1.so
7f7f17fa0000-7f7f17fa1000 rwxp 00003000 08:01 14418173                   /lib/libdl-2.12.1.so
7f7f17fa1000-7f7f17fb9000 r-xp 00000000 08:01 14418159                   /lib/libpthread-2.12.1.so
7f7f17fb9000-7f7f181b8000 ---p 00018000 08:01 14418159                   /lib/libpthread-2.12.1.so
7f7f181b8000-7f7f181b9000 r-xp 00017000 08:01 14418159                   /lib/libpthread-2.12.1.so
7f7f181b9000-7f7f181ba000 rwxp 00018000 08:01 14418159                   /lib/libpthread-2.12.1.so
7f7f181ba000-7f7f181be000 rwxp 00000000 00:00 0 
7f7f181be000-7f7f181de000 r-xp 00000000 08:01 14418165                   /lib/ld-2.12.1.so
7f7f181f1000-7f7f181fb000 rwxp 00000000 00:00 0 
7f7f181fb000-7f7f182b1000 rwxp 00000000 00:00 0 
7f7f182b1000-7f7f182b4000 rwxp 00000000 00:00 0 
7f7f182b4000-7f7f182bb000 r-xp 00000000 08:01 3935153                    /usr/lib/jvm/java-6-sun-1.6.0.24/jre/lib/amd64/jli/libjli.so
7f7f182bb000-7f7f183bc000 ---p 00007000 08:01 3935153                    /usr/lib/jvm/java-6-sun-1.6.0.24/jre/lib/amd64/jli/libjli.so
7f7f183bc000-7f7f183be000 rwxp 00008000 08:01 3935153                    /usr/lib/jvm/java-6-sun-1.6.0.24/jre/lib/amd64/jli/libjli.so
7f7f183be000-7f7f183bf000 rwxp 00000000 00:00 0 
7f7f183d2000-7f7f183da000 rwxs 00000000 08:01 13893755                   /tmp/hsperfdata_dnekfl77/7193
7f7f183da000-7f7f183db000 rwxp 00000000 00:00 0 
7f7f183db000-7f7f183dc000 r-xp 00000000 00:00 0 
7f7f183dc000-7f7f183de000 rwxp 00000000 00:00 0 
7f7f183de000-7f7f183df000 r-xp 00020000 08:01 14418165                   /lib/ld-2.12.1.so
7f7f183df000-7f7f183e0000 rwxp 00021000 08:01 14418165                   /lib/ld-2.12.1.so
7f7f183e0000-7f7f183e1000 rwxp 00000000 00:00 0 
7fffd29d3000-7fffd29f4000 rwxp 00000000 00:00 0                          [stack]
7fffd29ff000-7fffd2a00000 r-xp 00000000 00:00 0                          [vdso]
ffffffffff600000-ffffffffff601000 r-xp 00000000 00:00 0                  [vsyscall]

VM Arguments:
jvm_args: -Dfile.encoding=UTF-8 -Xbootclasspath:/home/dnekfl77/Developer/Sdk/android-sdk-linux_x86/platforms/android-7/android.jar 
java_command: com.protory.arrow.feed.parser.RSS2FeedParser
Launcher Type: SUN_STANDARD

Environment Variables:
PATH=/home/dnekfl77/Developer/Tools/apache-maven-2.2.1/bin:/home/dnekfl77/Developer/Tools/apache-ant-1.8.2/bin:/home/dnekfl77/Developer/Sdk/android-sdk-linux_x86/tools:/home/dnekfl77/Developer/Sdk/android-sdk-linux_x86/platform-tools:/home/dnekfl77/bin:/usr/local/sbin:/usr/local/bin:/usr/sbin:/usr/bin:/sbin:/bin:/usr/games
USERNAME=dnekfl77
LD_LIBRARY_PATH=/usr/lib/jvm/java-6-sun-1.6.0.24/jre/lib/amd64/server:/usr/lib/jvm/java-6-sun-1.6.0.24/jre/lib/amd64:/usr/lib/jvm/java-6-sun-1.6.0.24/jre/../lib/amd64
SHELL=/bin/bash
DISPLAY=:0.0

Signal Handlers:
SIGSEGV: [libjvm.so+0x791b30], sa_mask[0]=0x7ffbfeff, sa_flags=0x10000004
SIGBUS: [libjvm.so+0x791b30], sa_mask[0]=0x7ffbfeff, sa_flags=0x10000004
SIGFPE: [libjvm.so+0x640ba0], sa_mask[0]=0x7ffbfeff, sa_flags=0x10000004
SIGPIPE: [libjvm.so+0x640ba0], sa_mask[0]=0x7ffbfeff, sa_flags=0x10000004
SIGXFSZ: [libjvm.so+0x640ba0], sa_mask[0]=0x7ffbfeff, sa_flags=0x10000004
SIGILL: [libjvm.so+0x640ba0], sa_mask[0]=0x7ffbfeff, sa_flags=0x10000004
SIGUSR1: SIG_DFL, sa_mask[0]=0x00000000, sa_flags=0x00000000
SIGUSR2: [libjvm.so+0x643780], sa_mask[0]=0x00000004, sa_flags=0x10000004
SIGHUP: SIG_DFL, sa_mask[0]=0x00000000, sa_flags=0x00000000
SIGINT: SIG_DFL, sa_mask[0]=0x00000000, sa_flags=0x00000000
SIGTERM: SIG_DFL, sa_mask[0]=0x00000000, sa_flags=0x00000000
SIGQUIT: SIG_DFL, sa_mask[0]=0x00000000, sa_flags=0x00000000


---------------  S Y S T E M  ---------------

OS:squeeze/sid

uname:Linux 2.6.35-28-generic #50-Ubuntu SMP Fri Mar 18 18:42:20 UTC 2011 x86_64
libc:glibc 2.12.1 NPTL 2.12.1 
rlimit: STACK 8192k, CORE 0k, NPROC infinity, NOFILE 1024, AS infinity
load average:1.17 1.15 1.19

/proc/meminfo:
MemTotal:        3843764 kB
MemFree:          103936 kB
Buffers:           23792 kB
Cached:           621116 kB
SwapCached:        10588 kB
Active:          1639936 kB
Inactive:         740788 kB
Active(anon):    1435908 kB
Inactive(anon):   528600 kB
Active(file):     204028 kB
Inactive(file):   212188 kB
Unevictable:          16 kB
Mlocked:              16 kB
SwapTotal:       5126140 kB
SwapFree:        5092916 kB
Dirty:               520 kB
Writeback:           148 kB
AnonPages:       1727712 kB
Mapped:          1206008 kB
Shmem:            228692 kB
Slab:              79412 kB
SReclaimable:      45172 kB
SUnreclaim:        34240 kB
KernelStack:        3968 kB
PageTables:        36364 kB
NFS_Unstable:          0 kB
Bounce:                0 kB
WritebackTmp:          0 kB
CommitLimit:     7048020 kB
Committed_AS:    4875432 kB
VmallocTotal:   34359738367 kB
VmallocUsed:      419496 kB
VmallocChunk:   34359212228 kB
HardwareCorrupted:     0 kB
HugePages_Total:       0
HugePages_Free:        0
HugePages_Rsvd:        0
HugePages_Surp:        0
Hugepagesize:       2048 kB
DirectMap4k:       10156 kB
DirectMap2M:     3969024 kB


CPU:total 4 (2 cores per cpu, 2 threads per core) family 6 model 37 stepping 2, cmov, cx8, fxsr, mmx, sse, sse2, sse3, ssse3, sse4.1, sse4.2, popcnt, ht

Memory: 4k page, physical 3843764k(103936k free), swap 5126140k(5092916k free)

vm_info: Java HotSpot(TM) 64-Bit Server VM (19.1-b02) for linux-amd64 JRE (1.6.0_24-b07), built on Feb  2 2011 16:55:54 by "java_re" with gcc 3.2.2 (SuSE Linux)

time: Wed Apr 27 14:28:23 2011
elapsed time: 0 seconds

